
module.js:340
    throw err;
          ^
Error: Cannot find module '/home/hayashis/dev/ticket/bin/chat/chat.'
    at Function.Module._resolveFilename (module.js:338:15)
    at Function.Module._load (module.js:280:25)
    at Module.runMain (module.js:497:10)
    at process._tickCallback (node.js:335:13)
info: socket.io started
info: socket.io started
registered:150942a7e4ef02cc5ec99033037da7d796300c35 name:Soichi Hayashi
info: handshake authorized 9ZR6rF0HjYVVKSBZmBDy
client connected:9ZR6rF0HjYVVKSBZmBDy client num:1
client sent us auth info
{ nodekey: '150942a7e4ef02cc5ec99033037da7d796300c35',
  ticketid: 90 }
attached access registration for socket:9ZR6rF0HjYVVKSBZmBDy
{ cid: '238',
  name: 'Soichi Hayashi',
  time: Mon Oct 21 2013 19:57:42 GMT+0000 (UTC) }
registered:a0a1029f9a6ca44fc7645c18eb96c98673d32de7 name:Soichi Hayashi
info: handshake authorized O-bWQ8dj4BI5sXYymBDz
client connected:O-bWQ8dj4BI5sXYymBDz client num:2
client sent us auth info
{ nodekey: 'a0a1029f9a6ca44fc7645c18eb96c98673d32de7',
  ticketid: 90 }
attached access registration for socket:O-bWQ8dj4BI5sXYymBDz
{ cid: '238',
  name: 'Soichi Hayashi',
  time: Mon Oct 21 2013 19:57:48 GMT+0000 (UTC) }
registered:9237cf8dafab5c25cd073daf85722a6b30e18a73 name:Soichi Hayashi
info: transport end (socket end)
client disconnected:O-bWQ8dj4BI5sXYymBDz
info: handshake authorized WJykCiLKRXl8z6NlmBD0
client connected:WJykCiLKRXl8z6NlmBD0 client num:2
client sent us auth info
{ nodekey: '9237cf8dafab5c25cd073daf85722a6b30e18a73',
  ticketid: 90 }
attached access registration for socket:WJykCiLKRXl8z6NlmBD0
{ cid: '238',
  name: 'Soichi Hayashi',
  time: Mon Oct 21 2013 19:58:42 GMT+0000 (UTC) }
registered:042f0a05f35afbad1fa839bf474c6cc743152399 name:Soichi Hayashi
registered:cbeeac45d3d6cb67924407ed89fee59e096eb7b4 name:Soichi Hayashi
info: transport end (socket end)
client disconnected:WJykCiLKRXl8z6NlmBD0
info: handshake authorized UQ-GKkmOjzIj5UikmBD1
client connected:UQ-GKkmOjzIj5UikmBD1 client num:2
client sent us auth info
{ nodekey: 'cbeeac45d3d6cb67924407ed89fee59e096eb7b4',
  ticketid: 90 }
attached access registration for socket:UQ-GKkmOjzIj5UikmBD1
{ cid: '238',
  name: 'Soichi Hayashi',
  time: Mon Oct 21 2013 19:58:48 GMT+0000 (UTC) }
registered:8f04d4740b3d6ec1c3eae2553ab8b583e92a9b41 name:Soichi Hayashi
info: transport end (socket end)
client disconnected:UQ-GKkmOjzIj5UikmBD1
info: handshake authorized TquzQV5n_aPR3FBqmBD2
client connected:TquzQV5n_aPR3FBqmBD2 client num:2
client sent us auth info
{ nodekey: '8f04d4740b3d6ec1c3eae2553ab8b583e92a9b41',
  ticketid: 90 }
attached access registration for socket:TquzQV5n_aPR3FBqmBD2
{ cid: '238',
  name: 'Soichi Hayashi',
  time: Mon Oct 21 2013 20:02:43 GMT+0000 (UTC) }
